{"level":"error","message":"Ошибка при начальной загрузке команд: ENOENT: no such file or directory, scandir 'D:\\blockmind-example\\src\\src\\commands'","timestamp":"2024-09-10T09:46:09.861Z"}
{"level":"error","message":"Ошибка при начальной загрузке команд: ENOENT: no such file or directory, scandir 'D:\\blockmind-example\\src\\src\\commands'","timestamp":"2024-09-10T09:47:55.685Z"}
{"level":"warn","message":"Нет доступных команд после загрузки.","timestamp":"2024-09-10T09:47:55.689Z"}
{"level":"warn","message":"Директория команд не существует: D:\\blockmind-example\\src\\src\\commands","timestamp":"2024-09-10T09:49:54.843Z"}
{"level":"warn","message":"Директория команд не существует: D:\\blockmind-example\\src\\src\\commands","timestamp":"2024-09-10T09:50:18.831Z"}
{"level":"info","message":"Команда test загружена.","timestamp":"2024-09-10T09:51:13.898Z"}
{"level":"info","message":"Команда tst загружена.","timestamp":"2024-09-10T09:51:13.901Z"}
{"level":"info","message":"Команда test загружена.","timestamp":"2024-09-10T09:51:13.910Z"}
{"level":"info","message":"Команда tst загружена.","timestamp":"2024-09-10T09:51:13.911Z"}
{"level":"error","message":"Ошибка: D:\\blockmind-example\\src\\commands\\test.js не является конструктором класса.","timestamp":"2024-09-10T09:53:17.589Z"}
{"level":"warn","message":"Нет доступных команд после загрузки.","timestamp":"2024-09-10T09:53:17.592Z"}
{"level":"error","message":"Ошибка: D:\\blockmind-example\\src\\commands\\test.js не является конструктором класса.","timestamp":"2024-09-10T09:53:17.600Z"}
{"level":"info","message":"Команда test загружена.","timestamp":"2024-09-10T09:56:10.601Z"}
{"level":"info","message":"Команда test загружена.","timestamp":"2024-09-10T09:56:10.611Z"}
{"level":"info","message":"Команда test загружена.","timestamp":"2024-09-10T09:56:38.785Z"}
{"level":"info","message":"Команда test загружена.","timestamp":"2024-09-10T09:56:58.513Z"}
{"level":"info","message":"Команда test загружена.","timestamp":"2024-09-10T09:56:58.523Z"}
{"level":"info","message":"Команда test загружена.","timestamp":"2024-09-10T09:58:33.440Z"}
{"level":"info","message":"Команда test загружена.","timestamp":"2024-09-10T09:58:33.449Z"}
{"level":"info","message":"Команда test загружена.","timestamp":"2024-09-10T10:43:42.662Z"}
{"level":"info","message":"Команда test загружена.","timestamp":"2024-09-10T10:43:42.673Z"}
{"level":"info","message":"Команда test загружена.","timestamp":"2024-09-10T10:51:33.937Z"}
{"level":"info","message":"Команда test загружена.","timestamp":"2024-09-10T10:51:33.947Z"}
{"level":"info","message":"Команда test загружена.","timestamp":"2024-09-10T11:04:32.031Z"}
{"level":"info","message":"Команда test загружена.","timestamp":"2024-09-10T11:04:32.043Z"}
{"level":"info","message":"Команда test загружена.","timestamp":"2024-09-10T12:23:02.367Z"}
{"level":"info","message":"Команда test загружена.","timestamp":"2024-09-10T12:23:02.377Z"}
{"level":"info","message":"Команда test загружена.","timestamp":"2024-09-10T12:23:31.174Z"}
{"level":"info","message":"Команда test загружена.","timestamp":"2024-09-10T12:23:48.696Z"}
{"level":"info","message":"Команда test загружена.","timestamp":"2024-09-10T12:48:07.237Z"}
{"level":"info","message":"Команда test загружена.","timestamp":"2024-09-10T12:48:07.247Z"}
{"level":"info","message":"Команда test загружена.","timestamp":"2024-09-10T13:14:33.690Z"}
{"level":"info","message":"Команда test загружена.","timestamp":"2024-09-10T13:14:33.700Z"}
{"level":"info","message":"Команда test загружена.","timestamp":"2024-09-10T13:15:16.027Z"}
{"level":"info","message":"Команда test загружена.","timestamp":"2024-09-10T13:15:16.037Z"}
{"level":"info","message":"Команда test загружена.","timestamp":"2024-09-10T13:23:17.418Z"}
{"level":"info","message":"Команда test загружена.","timestamp":"2024-09-10T13:23:17.432Z"}
{"level":"info","message":"Команда test загружена.","timestamp":"2024-09-10T13:23:51.717Z"}
{"level":"info","message":"Команда test загружена.","timestamp":"2024-09-10T13:23:51.733Z"}
{"level":"info","message":"Команда test загружена.","timestamp":"2024-09-10T13:28:33.579Z"}
{"level":"info","message":"Команда test загружена.","timestamp":"2024-09-10T13:28:33.596Z"}
{"level":"info","message":"Команда test загружена.","timestamp":"2024-09-10T13:56:48.904Z"}
{"level":"info","message":"Команда test загружена.","timestamp":"2024-09-10T13:56:48.918Z"}
{"level":"info","message":"Команда test загружена.","timestamp":"2024-09-10T13:57:15.127Z"}
{"level":"info","message":"Команда test загружена.","timestamp":"2024-09-10T13:57:15.138Z"}
{"level":"info","message":"Команда test загружена.","timestamp":"2024-09-10T13:57:22.567Z"}
{"level":"info","message":"Команда test загружена.","timestamp":"2024-09-10T13:57:22.581Z"}
{"level":"info","message":"Команда test загружена.","timestamp":"2024-09-10T13:59:57.685Z"}
{"level":"info","message":"Команда test загружена.","timestamp":"2024-09-10T13:59:57.695Z"}
{"level":"info","message":"Команда test загружена.","timestamp":"2024-09-10T14:02:39.942Z"}
{"level":"info","message":"Команда test загружена.","timestamp":"2024-09-10T14:02:39.951Z"}
{"level":"info","message":"Команда test загружена.","timestamp":"2024-09-10T14:03:47.902Z"}
{"level":"info","message":"Команда test загружена.","timestamp":"2024-09-10T14:03:47.911Z"}
{"level":"info","message":"Команда test загружена.","timestamp":"2024-09-10T14:04:38.246Z"}
{"level":"info","message":"Команда test загружена.","timestamp":"2024-09-10T14:04:38.255Z"}
{"level":"info","message":"Команда test загружена.","timestamp":"2024-09-10T14:04:58.776Z"}
{"level":"info","message":"Команда test загружена.","timestamp":"2024-09-10T14:04:58.785Z"}
{"level":"info","message":"Команда test загружена.","timestamp":"2024-09-10T14:05:04.389Z"}
{"level":"info","message":"Команда test загружена.","timestamp":"2024-09-10T14:05:04.399Z"}
{"level":"info","message":"Команда test загружена.","timestamp":"2024-09-10T14:05:16.309Z"}
{"level":"info","message":"Команда test загружена.","timestamp":"2024-09-10T14:05:16.319Z"}
{"level":"info","message":"Команда test загружена.","timestamp":"2024-09-10T14:08:52.119Z"}
{"level":"info","message":"Команда test загружена.","timestamp":"2024-09-10T14:08:52.128Z"}
{"level":"info","message":"Команда test загружена.","timestamp":"2024-09-10T14:12:29.815Z"}
{"level":"info","message":"Команда test загружена.","timestamp":"2024-09-10T14:12:29.826Z"}
{"level":"info","message":"Команда test загружена.","timestamp":"2024-09-10T14:13:50.121Z"}
{"level":"info","message":"Команда test загружена.","timestamp":"2024-09-10T14:13:50.132Z"}
{"level":"info","message":"Команда test загружена.","timestamp":"2024-09-10T14:15:20.596Z"}
{"level":"info","message":"Команда test загружена.","timestamp":"2024-09-10T14:15:20.607Z"}
{"level":"info","message":"Команда test загружена.","timestamp":"2024-09-10T14:17:02.947Z"}
{"level":"info","message":"Команда test загружена.","timestamp":"2024-09-10T14:17:02.956Z"}
{"level":"info","message":"Команда test загружена.","timestamp":"2024-09-10T14:18:17.580Z"}
{"level":"info","message":"Команда test загружена.","timestamp":"2024-09-10T14:18:17.589Z"}
{"level":"info","message":"Команда test загружена.","timestamp":"2024-09-10T14:20:37.097Z"}
{"level":"info","message":"Команда test загружена.","timestamp":"2024-09-10T14:20:37.107Z"}
{"level":"info","message":"Команда test загружена.","timestamp":"2024-09-10T14:22:03.764Z"}
{"level":"info","message":"Команда test загружена.","timestamp":"2024-09-10T14:22:03.774Z"}
{"level":"info","message":"Команда test загружена.","timestamp":"2024-09-10T14:22:38.490Z"}
{"level":"info","message":"Команда test загружена.","timestamp":"2024-09-10T14:22:38.500Z"}
{"level":"info","message":"Команда test загружена.","timestamp":"2024-09-10T14:26:02.926Z"}
{"level":"info","message":"Команда test загружена.","timestamp":"2024-09-10T14:26:02.936Z"}
{"level":"info","message":"Команда test загружена.","timestamp":"2024-09-10T14:27:10.374Z"}
{"level":"info","message":"Команда test загружена.","timestamp":"2024-09-10T14:27:10.383Z"}
{"level":"info","message":"Команда test загружена.","timestamp":"2024-09-10T14:28:53.065Z"}
{"level":"info","message":"Команда test загружена.","timestamp":"2024-09-10T14:28:53.076Z"}
{"level":"info","message":"Команда test загружена.","timestamp":"2024-09-10T14:36:58.574Z"}
{"level":"info","message":"Команда test загружена.","timestamp":"2024-09-10T14:36:58.584Z"}
{"level":"info","message":"Команда test загружена.","timestamp":"2024-09-10T14:41:17.233Z"}
{"level":"info","message":"Команда test загружена.","timestamp":"2024-09-10T14:41:17.243Z"}
{"level":"info","message":"Команда test загружена.","timestamp":"2024-09-10T14:42:47.221Z"}
{"level":"info","message":"Команда test загружена.","timestamp":"2024-09-10T14:42:47.232Z"}
{"level":"info","message":"Команда test загружена.","timestamp":"2024-09-10T14:44:05.638Z"}
{"level":"info","message":"Команда test загружена.","timestamp":"2024-09-10T14:44:05.648Z"}
{"level":"info","message":"Команда test загружена.","timestamp":"2024-09-10T14:45:26.910Z"}
{"level":"info","message":"Команда test загружена.","timestamp":"2024-09-10T14:45:26.932Z"}
{"level":"info","message":"Команда test загружена.","timestamp":"2024-09-10T14:46:29.517Z"}
{"level":"info","message":"Команда test загружена.","timestamp":"2024-09-10T14:46:29.526Z"}
{"level":"info","message":"Команда test загружена.","timestamp":"2024-09-10T14:47:27.109Z"}
{"level":"info","message":"Команда test загружена.","timestamp":"2024-09-10T14:47:27.118Z"}
{"level":"info","message":"Команда test загружена.","timestamp":"2024-09-10T14:48:14.034Z"}
{"level":"info","message":"Команда test загружена.","timestamp":"2024-09-10T14:48:14.043Z"}
{"level":"info","message":"Команда test загружена.","timestamp":"2024-09-10T14:49:08.969Z"}
{"level":"info","message":"Команда test загружена.","timestamp":"2024-09-10T14:49:08.979Z"}
{"level":"info","message":"Команда test загружена.","timestamp":"2024-09-10T14:49:43.609Z"}
{"level":"info","message":"Команда test загружена.","timestamp":"2024-09-10T14:49:43.619Z"}
{"level":"info","message":"Команда test загружена.","timestamp":"2024-09-10T14:52:25.755Z"}
{"level":"info","message":"Команда test загружена.","timestamp":"2024-09-10T14:52:25.767Z"}
{"level":"info","message":"Команда test загружена.","timestamp":"2024-09-10T14:53:51.180Z"}
{"level":"info","message":"Команда test загружена.","timestamp":"2024-09-10T14:53:51.189Z"}
{"level":"info","message":"Команда test загружена.","timestamp":"2024-09-10T14:54:39.598Z"}
{"level":"info","message":"Команда test загружена.","timestamp":"2024-09-10T14:54:39.608Z"}
{"level":"info","message":"Команда test загружена.","timestamp":"2024-09-10T14:55:55.347Z"}
{"level":"info","message":"Команда test загружена.","timestamp":"2024-09-10T14:55:55.357Z"}
{"level":"info","message":"Команда test загружена.","timestamp":"2024-09-10T14:56:58.850Z"}
{"level":"info","message":"Команда test загружена.","timestamp":"2024-09-10T14:56:58.860Z"}
{"level":"info","message":"Команда test загружена.","timestamp":"2024-09-10T14:58:15.070Z"}
{"level":"info","message":"Команда test загружена.","timestamp":"2024-09-10T14:58:15.081Z"}
{"level":"info","message":"Команда test загружена.","timestamp":"2024-09-10T14:58:56.656Z"}
{"level":"info","message":"Команда test загружена.","timestamp":"2024-09-10T14:58:56.665Z"}
{"level":"info","message":"Команда test загружена.","timestamp":"2024-09-10T14:59:31.348Z"}
{"level":"info","message":"Команда test загружена.","timestamp":"2024-09-10T14:59:31.357Z"}
{"level":"info","message":"Команда test загружена.","timestamp":"2024-09-10T15:01:31.421Z"}
{"level":"info","message":"Команда test загружена.","timestamp":"2024-09-10T15:01:31.431Z"}
{"level":"info","message":"Команда test загружена.","timestamp":"2024-09-10T15:01:40.807Z"}
{"level":"info","message":"Команда test загружена.","timestamp":"2024-09-10T15:01:40.817Z"}
{"level":"info","message":"Команда test загружена.","timestamp":"2024-09-10T15:02:06.515Z"}
{"level":"info","message":"Команда test загружена.","timestamp":"2024-09-10T15:02:06.524Z"}
{"level":"info","message":"Команда test загружена.","timestamp":"2024-09-10T15:02:15.652Z"}
{"level":"info","message":"Команда test загружена.","timestamp":"2024-09-10T15:02:15.662Z"}
{"level":"info","message":"Команда test загружена.","timestamp":"2024-09-10T15:02:31.031Z"}
{"level":"info","message":"Команда test загружена.","timestamp":"2024-09-10T15:02:31.041Z"}
{"level":"info","message":"Команда test загружена.","timestamp":"2024-09-10T15:02:47.130Z"}
{"level":"info","message":"Команда test загружена.","timestamp":"2024-09-10T15:02:47.141Z"}
{"level":"info","message":"Команда test загружена.","timestamp":"2024-09-10T15:03:19.879Z"}
{"level":"info","message":"Команда test загружена.","timestamp":"2024-09-10T15:03:19.889Z"}
{"level":"info","message":"Команда test загружена.","timestamp":"2024-09-10T15:04:01.851Z"}
{"level":"info","message":"Команда test загружена.","timestamp":"2024-09-10T15:04:01.861Z"}
{"level":"info","message":"Команда test загружена.","timestamp":"2024-09-10T15:04:26.433Z"}
{"level":"info","message":"Команда test загружена.","timestamp":"2024-09-10T15:04:26.443Z"}
{"level":"info","message":"Команда test загружена.","timestamp":"2024-09-10T15:04:40.247Z"}
{"level":"info","message":"Команда test загружена.","timestamp":"2024-09-10T15:04:40.256Z"}
{"level":"info","message":"Команда test загружена.","timestamp":"2024-09-10T15:05:02.716Z"}
{"level":"info","message":"Команда test загружена.","timestamp":"2024-09-10T15:05:02.725Z"}
{"level":"info","message":"Команда test загружена.","timestamp":"2024-09-10T15:05:26.317Z"}
{"level":"info","message":"Команда test загружена.","timestamp":"2024-09-10T15:05:26.327Z"}
{"level":"info","message":"Команда test загружена.","timestamp":"2024-09-10T15:07:40.207Z"}
{"level":"info","message":"Команда test загружена.","timestamp":"2024-09-10T15:07:40.216Z"}
{"level":"info","message":"Команда test загружена.","timestamp":"2024-09-10T15:08:00.292Z"}
{"level":"info","message":"Команда test загружена.","timestamp":"2024-09-10T15:08:00.303Z"}
{"level":"info","message":"Команда test загружена.","timestamp":"2024-09-10T15:08:51.556Z"}
{"level":"info","message":"Команда test загружена.","timestamp":"2024-09-10T15:08:51.566Z"}
{"level":"info","message":"Команда test загружена.","timestamp":"2024-09-10T15:09:56.035Z"}
{"level":"info","message":"Команда test загружена.","timestamp":"2024-09-10T15:09:56.045Z"}
{"level":"info","message":"Команда test загружена.","timestamp":"2024-09-10T15:11:51.026Z"}
{"level":"info","message":"Команда test загружена.","timestamp":"2024-09-10T15:11:51.037Z"}
{"level":"info","message":"Команда test загружена.","timestamp":"2024-09-10T15:41:22.440Z"}
{"level":"info","message":"Команда test загружена.","timestamp":"2024-09-10T15:41:22.450Z"}
{"level":"info","message":"Команда test загружена.","timestamp":"2024-09-10T15:41:46.623Z"}
{"level":"info","message":"Команда test загружена.","timestamp":"2024-09-10T15:41:46.632Z"}
{"level":"info","message":"Команда test загружена.","timestamp":"2024-09-10T15:59:40.067Z"}
{"level":"info","message":"Команда test загружена.","timestamp":"2024-09-10T15:59:40.077Z"}
{"level":"info","message":"Команда test загружена.","timestamp":"2024-09-10T16:00:18.923Z"}
{"level":"info","message":"Команда test загружена.","timestamp":"2024-09-10T16:00:18.933Z"}
{"level":"info","message":"Команда test загружена.","timestamp":"2024-09-10T16:03:38.859Z"}
{"level":"info","message":"Команда test загружена.","timestamp":"2024-09-10T16:03:38.869Z"}
{"level":"info","message":"Команда test загружена.","timestamp":"2024-09-10T16:06:22.962Z"}
{"level":"info","message":"Команда test загружена.","timestamp":"2024-09-10T16:06:22.972Z"}
{"level":"info","message":"Команда test загружена.","timestamp":"2024-09-10T16:07:32.126Z"}
{"level":"info","message":"Команда test загружена.","timestamp":"2024-09-10T16:07:32.135Z"}
{"level":"info","message":"Команда test загружена.","timestamp":"2024-09-10T16:11:19.253Z"}
{"level":"info","message":"Команда test загружена.","timestamp":"2024-09-10T16:11:19.264Z"}
{"level":"info","message":"Команда test загружена.","timestamp":"2024-09-10T16:12:04.054Z"}
{"level":"info","message":"Команда test загружена.","timestamp":"2024-09-10T16:12:04.066Z"}
{"level":"info","message":"Команда test загружена.","timestamp":"2024-09-10T16:12:24.884Z"}
{"level":"info","message":"Команда test загружена.","timestamp":"2024-09-10T16:12:24.893Z"}
{"level":"info","message":"Команда test загружена.","timestamp":"2024-09-10T16:12:58.759Z"}
{"level":"info","message":"Команда test загружена.","timestamp":"2024-09-10T16:12:58.770Z"}
{"level":"info","message":"Команда test загружена.","timestamp":"2024-09-10T16:13:02.736Z"}
{"level":"info","message":"Команда test загружена.","timestamp":"2024-09-10T16:13:02.746Z"}
{"level":"info","message":"Команда test загружена.","timestamp":"2024-09-10T16:16:09.399Z"}
{"level":"info","message":"Команда test загружена.","timestamp":"2024-09-10T16:16:09.408Z"}
{"level":"info","message":"Команда test загружена.","timestamp":"2024-09-10T16:16:36.938Z"}
{"level":"info","message":"Команда test загружена.","timestamp":"2024-09-10T16:16:36.948Z"}
{"level":"info","message":"Команда test загружена.","timestamp":"2024-09-10T16:17:06.053Z"}
{"level":"info","message":"Команда test загружена.","timestamp":"2024-09-10T16:17:06.063Z"}
{"level":"info","message":"Команда test загружена.","timestamp":"2024-09-10T16:17:52.166Z"}
{"level":"info","message":"Команда test загружена.","timestamp":"2024-09-10T16:17:52.176Z"}
{"level":"info","message":"Команда test загружена.","timestamp":"2024-09-10T16:32:18.513Z"}
{"level":"info","message":"Команда test загружена.","timestamp":"2024-09-10T16:32:18.523Z"}
{"level":"info","message":"Команда test загружена.","timestamp":"2024-09-10T16:35:56.808Z"}
{"level":"info","message":"Команда test загружена.","timestamp":"2024-09-10T16:36:11.254Z"}
{"level":"info","message":"Команда test загружена.","timestamp":"2024-09-10T16:36:30.628Z"}
{"level":"info","message":"Команда test загружена.","timestamp":"2024-09-10T16:37:46.863Z"}
{"level":"info","message":"Команда test загружена.","timestamp":"2024-09-10T16:38:45.052Z"}
{"level":"info","message":"Команда test загружена.","timestamp":"2024-09-10T16:39:55.746Z"}
{"level":"info","message":"Команда test загружена.","timestamp":"2024-09-10T16:40:04.211Z"}
{"level":"info","message":"Команда test загружена.","timestamp":"2024-09-10T16:42:17.070Z"}
{"level":"info","message":"Команда test загружена.","timestamp":"2024-09-10T16:43:03.340Z"}
{"level":"info","message":"Команда test загружена.","timestamp":"2024-09-10T16:44:02.539Z"}
{"level":"info","message":"Команда test загружена.","timestamp":"2024-09-10T16:45:56.701Z"}
{"level":"info","message":"Команда test загружена.","timestamp":"2024-09-10T16:47:41.495Z"}
{"level":"info","message":"Команда test загружена.","timestamp":"2024-09-10T16:50:43.821Z"}
{"level":"info","message":"Команда test загружена.","timestamp":"2024-09-10T16:52:03.746Z"}
{"level":"info","message":"Команда test загружена.","timestamp":"2024-09-10T16:52:20.091Z"}
{"level":"info","message":"Команда test загружена.","timestamp":"2024-09-10T16:53:04.076Z"}
{"level":"info","message":"Команда test загружена.","timestamp":"2024-09-10T16:53:44.378Z"}
{"level":"info","message":"Команда test загружена.","timestamp":"2024-09-10T16:53:54.714Z"}
{"level":"info","message":"Команда test загружена.","timestamp":"2024-09-10T16:54:30.710Z"}
{"level":"info","message":"Команда test загружена.","timestamp":"2024-09-10T16:54:38.767Z"}
{"level":"info","message":"Команда test загружена.","timestamp":"2024-09-10T16:56:15.466Z"}
{"level":"info","message":"Команда test загружена.","timestamp":"2024-09-10T16:56:51.925Z"}
{"level":"info","message":"Команда test загружена.","timestamp":"2024-09-10T17:01:33.811Z"}
{"level":"info","message":"Команда test загружена.","timestamp":"2024-09-10T17:02:34.535Z"}
{"level":"info","message":"Команда test загружена.","timestamp":"2024-09-10T17:06:22.188Z"}
{"level":"info","message":"Команда test загружена.","timestamp":"2024-09-10T17:07:47.729Z"}
{"level":"info","message":"Команда test загружена.","timestamp":"2024-09-10T17:07:57.729Z"}
{"level":"info","message":"Команда test загружена.","timestamp":"2024-09-10T17:08:27.545Z"}
{"level":"info","message":"Команда test загружена.","timestamp":"2024-09-10T17:10:38.284Z"}
{"level":"info","message":"Команда test загружена.","timestamp":"2024-09-10T17:11:04.250Z"}
{"level":"info","message":"Команда test загружена.","timestamp":"2024-09-10T17:11:11.577Z"}
{"level":"info","message":"Команда test загружена.","timestamp":"2024-09-10T17:12:22.142Z"}
{"level":"info","message":"Команда test загружена.","timestamp":"2024-09-10T17:12:42.813Z"}
{"level":"info","message":"Команда test загружена.","timestamp":"2024-09-10T17:13:06.719Z"}
{"level":"info","message":"Команда test загружена.","timestamp":"2024-09-10T17:13:56.119Z"}
{"level":"info","message":"Команда test загружена.","timestamp":"2024-09-10T17:13:56.134Z"}
{"level":"info","message":"Команда test загружена.","timestamp":"2024-09-10T18:36:24.408Z"}
{"level":"info","message":"Команда test загружена.","timestamp":"2024-09-10T18:36:24.421Z"}
{"level":"info","message":"Команда test загружена.","timestamp":"2024-09-10T18:39:51.556Z"}
{"level":"info","message":"Команда test загружена.","timestamp":"2024-09-10T18:39:51.571Z"}
